<?xml version="1.0" encoding="UTF-8"?>
<testsuite name="ohtu.matkakortti.KassapaateTest" tests="4" skipped="0" failures="0" errors="0" timestamp="2018-11-25T18:25:51" hostname="jonnej-X550LB" time="0.384">
  <properties/>
  <testcase name="kortiltaVelotetaanHintaJosRahaaOn" classname="ohtu.matkakortti.KassapaateTest" time="0.381"/>
  <testcase name="kortilleLadataanRahaaJosSummaPositiivinen" classname="ohtu.matkakortti.KassapaateTest" time="0.0"/>
  <testcase name="kortilleEiTehdaMitaanJosSummaNegatiivinen" classname="ohtu.matkakortti.KassapaateTest" time="0.001"/>
  <testcase name="kortiltaEiVelotetaJosRahaEiRiita" classname="ohtu.matkakortti.KassapaateTest" time="0.0"/>
  <system-out><![CDATA[]]></system-out>
  <system-err><![CDATA[]]></system-err>
</testsuite>
